<?xml version="1.0" encoding="UTF-8"?>
<!-- Generated by org.testng.reporters.JUnitReportReporter -->
<testsuite hostname="DESKTOP-Q5QT5JQ" failures="0" tests="1" name="Module.LeadModule" time="20.332" errors="0" timestamp="2024-01-24T13:53:08 IST" skipped="0">
  <testcase classname="Module.LeadModule" name="CreateContact" time="20.332"/>
  <system-out/>
</testsuite> <!-- Module.LeadModule -->
